INFO: [VRFC 10-2263] Analyzing Verilog file "C:/Users/Freez/OneDrive/Desktop/CMPSC/CMPEN331/Lab_3/Lab_3.srcs/sources_1/new/ALU.v" into library xil_defaultlib
INFO: [VRFC 10-311] analyzing module ALU
INFO: [VRFC 10-2263] Analyzing Verilog file "C:/Users/Freez/OneDrive/Desktop/CMPSC/CMPEN331/Lab_3/Lab_3.srcs/sources_1/new/Alu_Mux.v" into library xil_defaultlib
INFO: [VRFC 10-311] analyzing module Alu_Mux
INFO: [VRFC 10-2263] Analyzing Verilog file "C:/Users/Freez/OneDrive/Desktop/CMPSC/CMPEN331/Lab_3/Lab_3.srcs/sources_1/new/Data_Memory.v" into library xil_defaultlib
INFO: [VRFC 10-311] analyzing module Data_Memory
INFO: [VRFC 10-2263] Analyzing Verilog file "C:/Users/Freez/OneDrive/Desktop/CMPSC/CMPEN331/Lab_3/Lab_3.srcs/sources_1/new/Datapath.v" into library xil_defaultlib
INFO: [VRFC 10-311] analyzing module Datapath
INFO: [VRFC 10-2263] Analyzing Verilog file "C:/Users/Freez/OneDrive/Desktop/CMPSC/CMPEN331/Lab_3/Lab_3.srcs/sources_1/new/EXEMEM_Pipeline_Register.v" into library xil_defaultlib
INFO: [VRFC 10-311] analyzing module EXEMEM_Pipeline_Register
INFO: [VRFC 10-2263] Analyzing Verilog file "C:/Users/Freez/OneDrive/Desktop/CMPSC/CMPEN331/Lab_3/Lab_3.srcs/sources_1/new/IDEXE_Pipeline_Register.v" into library xil_defaultlib
INFO: [VRFC 10-311] analyzing module IDEXE_Pipeline_Register
INFO: [VRFC 10-2263] Analyzing Verilog file "C:/Users/Freez/OneDrive/Desktop/CMPSC/CMPEN331/Lab_3/Lab_3.srcs/sources_1/new/ID_Control.v" into library xil_defaultlib
INFO: [VRFC 10-311] analyzing module ID_Control
INFO: [VRFC 10-2263] Analyzing Verilog file "C:/Users/Freez/OneDrive/Desktop/CMPSC/CMPEN331/Lab_3/Lab_3.srcs/sources_1/new/IF_ID.v" into library xil_defaultlib
INFO: [VRFC 10-311] analyzing module IF_ID
INFO: [VRFC 10-2263] Analyzing Verilog file "C:/Users/Freez/OneDrive/Desktop/CMPSC/CMPEN331/Lab_3/Lab_3.srcs/sources_1/new/IF_PC.v" into library xil_defaultlib
INFO: [VRFC 10-311] analyzing module IF_PC
INFO: [VRFC 10-2263] Analyzing Verilog file "C:/Users/Freez/OneDrive/Desktop/CMPSC/CMPEN331/Lab_3/Lab_3.srcs/sources_1/new/Immediate_Extender.v" into library xil_defaultlib
INFO: [VRFC 10-311] analyzing module Immediate_Extender
INFO: [VRFC 10-2263] Analyzing Verilog file "C:/Users/Freez/OneDrive/Desktop/CMPSC/CMPEN331/Lab_3/Lab_3.srcs/sources_1/new/Inst_mem.v" into library xil_defaultlib
INFO: [VRFC 10-311] analyzing module Inst_mem
INFO: [VRFC 10-2263] Analyzing Verilog file "C:/Users/Freez/OneDrive/Desktop/CMPSC/CMPEN331/Lab_3/Lab_3.srcs/sources_1/new/MEMWB_Pipeline_Register.v" into library xil_defaultlib
INFO: [VRFC 10-311] analyzing module MEMWB_Pipeline_Register
INFO: [VRFC 10-2263] Analyzing Verilog file "C:/Users/Freez/OneDrive/Desktop/CMPSC/CMPEN331/Lab_3/Lab_3.srcs/sources_1/new/PC_Adder.v" into library xil_defaultlib
INFO: [VRFC 10-311] analyzing module PC_Adder
INFO: [VRFC 10-2263] Analyzing Verilog file "C:/Users/Freez/OneDrive/Desktop/CMPSC/CMPEN331/Lab_3/Lab_3.srcs/sources_1/new/Register_File.v" into library xil_defaultlib
INFO: [VRFC 10-311] analyzing module Register_File
INFO: [VRFC 10-2263] Analyzing Verilog file "C:/Users/Freez/OneDrive/Desktop/CMPSC/CMPEN331/Lab_3/Lab_3.srcs/sources_1/new/Regrt_Multiplexer.v" into library xil_defaultlib
INFO: [VRFC 10-311] analyzing module Regrt_Multiplexer
INFO: [VRFC 10-2263] Analyzing Verilog file "C:/Users/Freez/OneDrive/Desktop/CMPSC/CMPEN331/Lab_3/Lab_3.srcs/sim_1/new/testbench.v" into library xil_defaultlib
INFO: [VRFC 10-311] analyzing module testbench
