
*** Running vivado
    with args -log Datapath.vds -m64 -product Vivado -mode batch -messageDb vivado.pb -notrace -source Datapath.tcl


ECHO is off.
ECHO is off.

****** Vivado v2023.1.1 (64-bit)
  **** SW Build 3900603 on Fri Jun 16 19:31:24 MDT 2023
  **** IP Build 3900379 on Sat Jun 17 05:28:05 MDT 2023
  **** SharedData Build 3899622 on Fri Jun 16 03:34:24 MDT 2023
    ** Copyright 1986-2022 Xilinx, Inc. All Rights Reserved.
    ** Copyright 2022-2023 Advanced Micro Devices, Inc. All Rights Reserved.

source Datapath.tcl -notrace
create_project: Time (s): cpu = 00:00:03 ; elapsed = 00:00:05 . Memory (MB): peak = 455.871 ; gain = 161.004
Command: read_checkpoint -auto_incremental -incremental C:/Users/Freez/OneDrive/Desktop/CMPSC/CMPEN331/Lab_3/Lab_3.srcs/utils_1/imports/synth_1/Datapath.dcp
INFO: [Vivado 12-5825] Read reference checkpoint from C:/Users/Freez/OneDrive/Desktop/CMPSC/CMPEN331/Lab_3/Lab_3.srcs/utils_1/imports/synth_1/Datapath.dcp for incremental synthesis
INFO: [Vivado 12-7989] Please ensure there are no constraint changes
Command: synth_design -top Datapath -part xc7k70tfbv676-1
Starting synth_design
Attempting to get a license for feature 'Synthesis' and/or device 'xc7k70t'
INFO: [Common 17-349] Got license for feature 'Synthesis' and/or device 'xc7k70t'
INFO: [Designutils 20-5440] No compile time benefit to using incremental synthesis; A full resynthesis will be run
INFO: [Designutils 20-4379] Flow is switching to default flow due to incremental criteria not met. If you would like to alter this behaviour and have the flow terminate instead, please set the following parameter config_implementation {autoIncr.Synth.RejectBehavior Terminate}
INFO: [Synth 8-7079] Multithreading enabled for synth_design using a maximum of 2 processes.
INFO: [Synth 8-7078] Launching helper process for spawning children vivado processes
INFO: [Synth 8-7075] Helper process launched with PID 24572
---------------------------------------------------------------------------------
Starting Synthesize : Time (s): cpu = 00:00:03 ; elapsed = 00:00:04 . Memory (MB): peak = 900.047 ; gain = 410.586
---------------------------------------------------------------------------------
INFO: [Synth 8-6157] synthesizing module 'Datapath' [C:/Users/Freez/OneDrive/Desktop/CMPSC/CMPEN331/Lab_3/Lab_3.srcs/sources_1/new/Datapath.v:23]
INFO: [Synth 8-6157] synthesizing module 'PC_Adder' [C:/Users/Freez/OneDrive/Desktop/CMPSC/CMPEN331/Lab_3/Lab_3.srcs/sources_1/new/PC_Adder.v:23]
INFO: [Synth 8-6155] done synthesizing module 'PC_Adder' (0#1) [C:/Users/Freez/OneDrive/Desktop/CMPSC/CMPEN331/Lab_3/Lab_3.srcs/sources_1/new/PC_Adder.v:23]
INFO: [Synth 8-6157] synthesizing module 'IF_PC' [C:/Users/Freez/OneDrive/Desktop/CMPSC/CMPEN331/Lab_3/Lab_3.srcs/sources_1/new/IF_PC.v:23]
INFO: [Synth 8-6155] done synthesizing module 'IF_PC' (0#1) [C:/Users/Freez/OneDrive/Desktop/CMPSC/CMPEN331/Lab_3/Lab_3.srcs/sources_1/new/IF_PC.v:23]
INFO: [Synth 8-6157] synthesizing module 'Inst_mem' [C:/Users/Freez/OneDrive/Desktop/CMPSC/CMPEN331/Lab_3/Lab_3.srcs/sources_1/new/Inst_mem.v:23]
INFO: [Synth 8-6155] done synthesizing module 'Inst_mem' (0#1) [C:/Users/Freez/OneDrive/Desktop/CMPSC/CMPEN331/Lab_3/Lab_3.srcs/sources_1/new/Inst_mem.v:23]
INFO: [Synth 8-6157] synthesizing module 'IF_ID' [C:/Users/Freez/OneDrive/Desktop/CMPSC/CMPEN331/Lab_3/Lab_3.srcs/sources_1/new/IF_ID.v:23]
INFO: [Synth 8-6155] done synthesizing module 'IF_ID' (0#1) [C:/Users/Freez/OneDrive/Desktop/CMPSC/CMPEN331/Lab_3/Lab_3.srcs/sources_1/new/IF_ID.v:23]
INFO: [Synth 8-6157] synthesizing module 'ID_Control' [C:/Users/Freez/OneDrive/Desktop/CMPSC/CMPEN331/Lab_3/Lab_3.srcs/sources_1/new/ID_Control.v:23]
INFO: [Synth 8-155] case statement is not full and has no default [C:/Users/Freez/OneDrive/Desktop/CMPSC/CMPEN331/Lab_3/Lab_3.srcs/sources_1/new/ID_Control.v:54]
INFO: [Synth 8-155] case statement is not full and has no default [C:/Users/Freez/OneDrive/Desktop/CMPSC/CMPEN331/Lab_3/Lab_3.srcs/sources_1/new/ID_Control.v:51]
INFO: [Synth 8-6155] done synthesizing module 'ID_Control' (0#1) [C:/Users/Freez/OneDrive/Desktop/CMPSC/CMPEN331/Lab_3/Lab_3.srcs/sources_1/new/ID_Control.v:23]
INFO: [Synth 8-6157] synthesizing module 'Regrt_Multiplexer' [C:/Users/Freez/OneDrive/Desktop/CMPSC/CMPEN331/Lab_3/Lab_3.srcs/sources_1/new/Regrt_Multiplexer.v:23]
INFO: [Synth 8-6155] done synthesizing module 'Regrt_Multiplexer' (0#1) [C:/Users/Freez/OneDrive/Desktop/CMPSC/CMPEN331/Lab_3/Lab_3.srcs/sources_1/new/Regrt_Multiplexer.v:23]
INFO: [Synth 8-6157] synthesizing module 'Register_File' [C:/Users/Freez/OneDrive/Desktop/CMPSC/CMPEN331/Lab_3/Lab_3.srcs/sources_1/new/Register_File.v:23]
INFO: [Synth 8-6155] done synthesizing module 'Register_File' (0#1) [C:/Users/Freez/OneDrive/Desktop/CMPSC/CMPEN331/Lab_3/Lab_3.srcs/sources_1/new/Register_File.v:23]
INFO: [Synth 8-6157] synthesizing module 'Immediate_Extender' [C:/Users/Freez/OneDrive/Desktop/CMPSC/CMPEN331/Lab_3/Lab_3.srcs/sources_1/new/Immediate_Extender.v:23]
INFO: [Synth 8-6155] done synthesizing module 'Immediate_Extender' (0#1) [C:/Users/Freez/OneDrive/Desktop/CMPSC/CMPEN331/Lab_3/Lab_3.srcs/sources_1/new/Immediate_Extender.v:23]
INFO: [Synth 8-6157] synthesizing module 'IDEXE_Pipeline_Register' [C:/Users/Freez/OneDrive/Desktop/CMPSC/CMPEN331/Lab_3/Lab_3.srcs/sources_1/new/IDEXE_Pipeline_Register.v:23]
INFO: [Synth 8-6155] done synthesizing module 'IDEXE_Pipeline_Register' (0#1) [C:/Users/Freez/OneDrive/Desktop/CMPSC/CMPEN331/Lab_3/Lab_3.srcs/sources_1/new/IDEXE_Pipeline_Register.v:23]
INFO: [Synth 8-6157] synthesizing module 'Alu_Mux' [C:/Users/Freez/OneDrive/Desktop/CMPSC/CMPEN331/Lab_3/Lab_3.srcs/sources_1/new/Alu_Mux.v:23]
INFO: [Synth 8-6155] done synthesizing module 'Alu_Mux' (0#1) [C:/Users/Freez/OneDrive/Desktop/CMPSC/CMPEN331/Lab_3/Lab_3.srcs/sources_1/new/Alu_Mux.v:23]
INFO: [Synth 8-6157] synthesizing module 'ALU' [C:/Users/Freez/OneDrive/Desktop/CMPSC/CMPEN331/Lab_3/Lab_3.srcs/sources_1/new/ALU.v:23]
INFO: [Synth 8-155] case statement is not full and has no default [C:/Users/Freez/OneDrive/Desktop/CMPSC/CMPEN331/Lab_3/Lab_3.srcs/sources_1/new/ALU.v:37]
INFO: [Synth 8-6155] done synthesizing module 'ALU' (0#1) [C:/Users/Freez/OneDrive/Desktop/CMPSC/CMPEN331/Lab_3/Lab_3.srcs/sources_1/new/ALU.v:23]
INFO: [Synth 8-6157] synthesizing module 'EXEMEM_Pipeline_Register' [C:/Users/Freez/OneDrive/Desktop/CMPSC/CMPEN331/Lab_3/Lab_3.srcs/sources_1/new/EXEMEM_Pipeline_Register.v:23]
INFO: [Synth 8-6155] done synthesizing module 'EXEMEM_Pipeline_Register' (0#1) [C:/Users/Freez/OneDrive/Desktop/CMPSC/CMPEN331/Lab_3/Lab_3.srcs/sources_1/new/EXEMEM_Pipeline_Register.v:23]
INFO: [Synth 8-6157] synthesizing module 'Data_Memory' [C:/Users/Freez/OneDrive/Desktop/CMPSC/CMPEN331/Lab_3/Lab_3.srcs/sources_1/new/Data_Memory.v:23]
INFO: [Synth 8-6155] done synthesizing module 'Data_Memory' (0#1) [C:/Users/Freez/OneDrive/Desktop/CMPSC/CMPEN331/Lab_3/Lab_3.srcs/sources_1/new/Data_Memory.v:23]
INFO: [Synth 8-6157] synthesizing module 'MEMWB_Pipeline_Register' [C:/Users/Freez/OneDrive/Desktop/CMPSC/CMPEN331/Lab_3/Lab_3.srcs/sources_1/new/MEMWB_Pipeline_Register.v:23]
INFO: [Synth 8-6155] done synthesizing module 'MEMWB_Pipeline_Register' (0#1) [C:/Users/Freez/OneDrive/Desktop/CMPSC/CMPEN331/Lab_3/Lab_3.srcs/sources_1/new/MEMWB_Pipeline_Register.v:23]
INFO: [Synth 8-6155] done synthesizing module 'Datapath' (0#1) [C:/Users/Freez/OneDrive/Desktop/CMPSC/CMPEN331/Lab_3/Lab_3.srcs/sources_1/new/Datapath.v:23]
WARNING: [Synth 8-7129] Port mr[31] in module Data_Memory is either unconnected or has no load
WARNING: [Synth 8-7129] Port mr[30] in module Data_Memory is either unconnected or has no load
WARNING: [Synth 8-7129] Port mr[29] in module Data_Memory is either unconnected or has no load
WARNING: [Synth 8-7129] Port mr[28] in module Data_Memory is either unconnected or has no load
WARNING: [Synth 8-7129] Port mr[27] in module Data_Memory is either unconnected or has no load
WARNING: [Synth 8-7129] Port mr[26] in module Data_Memory is either unconnected or has no load
WARNING: [Synth 8-7129] Port mr[25] in module Data_Memory is either unconnected or has no load
WARNING: [Synth 8-7129] Port mr[24] in module Data_Memory is either unconnected or has no load
WARNING: [Synth 8-7129] Port mr[23] in module Data_Memory is either unconnected or has no load
WARNING: [Synth 8-7129] Port mr[22] in module Data_Memory is either unconnected or has no load
WARNING: [Synth 8-7129] Port mr[21] in module Data_Memory is either unconnected or has no load
WARNING: [Synth 8-7129] Port mr[20] in module Data_Memory is either unconnected or has no load
WARNING: [Synth 8-7129] Port mr[19] in module Data_Memory is either unconnected or has no load
WARNING: [Synth 8-7129] Port mr[18] in module Data_Memory is either unconnected or has no load
WARNING: [Synth 8-7129] Port mr[17] in module Data_Memory is either unconnected or has no load
WARNING: [Synth 8-7129] Port mr[16] in module Data_Memory is either unconnected or has no load
WARNING: [Synth 8-7129] Port mr[15] in module Data_Memory is either unconnected or has no load
WARNING: [Synth 8-7129] Port mr[14] in module Data_Memory is either unconnected or has no load
WARNING: [Synth 8-7129] Port mr[13] in module Data_Memory is either unconnected or has no load
WARNING: [Synth 8-7129] Port mr[12] in module Data_Memory is either unconnected or has no load
WARNING: [Synth 8-7129] Port mr[11] in module Data_Memory is either unconnected or has no load
WARNING: [Synth 8-7129] Port mr[10] in module Data_Memory is either unconnected or has no load
WARNING: [Synth 8-7129] Port mr[9] in module Data_Memory is either unconnected or has no load
WARNING: [Synth 8-7129] Port mr[8] in module Data_Memory is either unconnected or has no load
WARNING: [Synth 8-7129] Port mr[7] in module Data_Memory is either unconnected or has no load
WARNING: [Synth 8-7129] Port mr[6] in module Data_Memory is either unconnected or has no load
WARNING: [Synth 8-7129] Port pc[31] in module Inst_mem is either unconnected or has no load
WARNING: [Synth 8-7129] Port pc[30] in module Inst_mem is either unconnected or has no load
WARNING: [Synth 8-7129] Port pc[29] in module Inst_mem is either unconnected or has no load
WARNING: [Synth 8-7129] Port pc[28] in module Inst_mem is either unconnected or has no load
WARNING: [Synth 8-7129] Port pc[27] in module Inst_mem is either unconnected or has no load
WARNING: [Synth 8-7129] Port pc[26] in module Inst_mem is either unconnected or has no load
WARNING: [Synth 8-7129] Port pc[25] in module Inst_mem is either unconnected or has no load
WARNING: [Synth 8-7129] Port pc[24] in module Inst_mem is either unconnected or has no load
WARNING: [Synth 8-7129] Port pc[23] in module Inst_mem is either unconnected or has no load
WARNING: [Synth 8-7129] Port pc[22] in module Inst_mem is either unconnected or has no load
WARNING: [Synth 8-7129] Port pc[21] in module Inst_mem is either unconnected or has no load
WARNING: [Synth 8-7129] Port pc[20] in module Inst_mem is either unconnected or has no load
WARNING: [Synth 8-7129] Port pc[19] in module Inst_mem is either unconnected or has no load
WARNING: [Synth 8-7129] Port pc[18] in module Inst_mem is either unconnected or has no load
WARNING: [Synth 8-7129] Port pc[17] in module Inst_mem is either unconnected or has no load
WARNING: [Synth 8-7129] Port pc[16] in module Inst_mem is either unconnected or has no load
WARNING: [Synth 8-7129] Port pc[15] in module Inst_mem is either unconnected or has no load
WARNING: [Synth 8-7129] Port pc[14] in module Inst_mem is either unconnected or has no load
WARNING: [Synth 8-7129] Port pc[13] in module Inst_mem is either unconnected or has no load
WARNING: [Synth 8-7129] Port pc[12] in module Inst_mem is either unconnected or has no load
WARNING: [Synth 8-7129] Port pc[11] in module Inst_mem is either unconnected or has no load
WARNING: [Synth 8-7129] Port pc[10] in module Inst_mem is either unconnected or has no load
WARNING: [Synth 8-7129] Port pc[9] in module Inst_mem is either unconnected or has no load
WARNING: [Synth 8-7129] Port pc[8] in module Inst_mem is either unconnected or has no load
WARNING: [Synth 8-7129] Port pc[1] in module Inst_mem is either unconnected or has no load
WARNING: [Synth 8-7129] Port pc[0] in module Inst_mem is either unconnected or has no load
---------------------------------------------------------------------------------
Finished Synthesize : Time (s): cpu = 00:00:04 ; elapsed = 00:00:06 . Memory (MB): peak = 991.305 ; gain = 501.844
---------------------------------------------------------------------------------
---------------------------------------------------------------------------------
Finished Constraint Validation : Time (s): cpu = 00:00:04 ; elapsed = 00:00:07 . Memory (MB): peak = 991.305 ; gain = 501.844
---------------------------------------------------------------------------------
---------------------------------------------------------------------------------
Start Loading Part and Timing Information
---------------------------------------------------------------------------------
Loading part: xc7k70tfbv676-1
---------------------------------------------------------------------------------
INFO: [Device 21-403] Loading part xc7k70tfbv676-1
Finished Loading Part and Timing Information : Time (s): cpu = 00:00:04 ; elapsed = 00:00:07 . Memory (MB): peak = 991.305 ; gain = 501.844
---------------------------------------------------------------------------------
WARNING: [Synth 8-327] inferring latch for variable 'wreg_reg' [C:/Users/Freez/OneDrive/Desktop/CMPSC/CMPEN331/Lab_3/Lab_3.srcs/sources_1/new/ID_Control.v:57]
WARNING: [Synth 8-327] inferring latch for variable 'm2reg_reg' [C:/Users/Freez/OneDrive/Desktop/CMPSC/CMPEN331/Lab_3/Lab_3.srcs/sources_1/new/ID_Control.v:58]
WARNING: [Synth 8-327] inferring latch for variable 'wmem_reg' [C:/Users/Freez/OneDrive/Desktop/CMPSC/CMPEN331/Lab_3/Lab_3.srcs/sources_1/new/ID_Control.v:59]
WARNING: [Synth 8-327] inferring latch for variable 'aluc_reg' [C:/Users/Freez/OneDrive/Desktop/CMPSC/CMPEN331/Lab_3/Lab_3.srcs/sources_1/new/ID_Control.v:60]
WARNING: [Synth 8-327] inferring latch for variable 'regrt_reg' [C:/Users/Freez/OneDrive/Desktop/CMPSC/CMPEN331/Lab_3/Lab_3.srcs/sources_1/new/ID_Control.v:62]
WARNING: [Synth 8-327] inferring latch for variable 'r_reg' [C:/Users/Freez/OneDrive/Desktop/CMPSC/CMPEN331/Lab_3/Lab_3.srcs/sources_1/new/ALU.v:40]
---------------------------------------------------------------------------------
Finished RTL Optimization Phase 2 : Time (s): cpu = 00:00:05 ; elapsed = 00:00:07 . Memory (MB): peak = 991.305 ; gain = 501.844
---------------------------------------------------------------------------------
No constraint files found.
---------------------------------------------------------------------------------
Start RTL Component Statistics 
---------------------------------------------------------------------------------
Detailed RTL Component Info : 
+---Adders : 
	   2 Input   32 Bit       Adders := 1     
	   3 Input   32 Bit       Adders := 1     
+---Registers : 
	               32 Bit    Registers := 9     
	                5 Bit    Registers := 3     
	                4 Bit    Registers := 1     
	                1 Bit    Registers := 9     
+---Muxes : 
	  65 Input   32 Bit        Muxes := 1     
	  33 Input   32 Bit        Muxes := 2     
	   2 Input   32 Bit        Muxes := 1     
	   6 Input   32 Bit        Muxes := 1     
	   2 Input    5 Bit        Muxes := 1     
	   3 Input    4 Bit        Muxes := 1     
	   2 Input    1 Bit        Muxes := 1     
	   3 Input    1 Bit        Muxes := 3     
	   6 Input    1 Bit        Muxes := 1     
---------------------------------------------------------------------------------
Finished RTL Component Statistics 
---------------------------------------------------------------------------------
---------------------------------------------------------------------------------
Start Part Resource Summary
---------------------------------------------------------------------------------
Part Resources:
DSPs: 240 (col length:80)
BRAMs: 270 (col length: RAMB18 80 RAMB36 40)
---------------------------------------------------------------------------------
Finished Part Resource Summary
---------------------------------------------------------------------------------
No constraint files found.
---------------------------------------------------------------------------------
Start Cross Boundary and Area Optimization
---------------------------------------------------------------------------------
WARNING: [Synth 8-7080] Parallel synthesis criteria is not met
WARNING: [Synth 8-3332] Sequential element (controlUnit/wreg_reg) is unused and will be removed from module Datapath.
WARNING: [Synth 8-3332] Sequential element (controlUnit/wmem_reg) is unused and will be removed from module Datapath.
WARNING: [Synth 8-3332] Sequential element (controlUnit/aluc_reg[3]) is unused and will be removed from module Datapath.
WARNING: [Synth 8-3332] Sequential element (Arithmetic_Logic_Unit/r_reg[31]) is unused and will be removed from module Datapath.
WARNING: [Synth 8-3332] Sequential element (Arithmetic_Logic_Unit/r_reg[14]) is unused and will be removed from module Datapath.
WARNING: [Synth 8-3332] Sequential element (Arithmetic_Logic_Unit/r_reg[13]) is unused and will be removed from module Datapath.
WARNING: [Synth 8-3332] Sequential element (Arithmetic_Logic_Unit/r_reg[12]) is unused and will be removed from module Datapath.
WARNING: [Synth 8-3332] Sequential element (Arithmetic_Logic_Unit/r_reg[11]) is unused and will be removed from module Datapath.
WARNING: [Synth 8-3332] Sequential element (Arithmetic_Logic_Unit/r_reg[10]) is unused and will be removed from module Datapath.
WARNING: [Synth 8-3332] Sequential element (Arithmetic_Logic_Unit/r_reg[9]) is unused and will be removed from module Datapath.
WARNING: [Synth 8-3332] Sequential element (Arithmetic_Logic_Unit/r_reg[8]) is unused and will be removed from module Datapath.
WARNING: [Synth 8-3332] Sequential element (Arithmetic_Logic_Unit/r_reg[7]) is unused and will be removed from module Datapath.
WARNING: [Synth 8-3332] Sequential element (Arithmetic_Logic_Unit/r_reg[6]) is unused and will be removed from module Datapath.
WARNING: [Synth 8-3332] Sequential element (Arithmetic_Logic_Unit/r_reg[5]) is unused and will be removed from module Datapath.
WARNING: [Synth 8-3332] Sequential element (Arithmetic_Logic_Unit/r_reg[4]) is unused and will be removed from module Datapath.
WARNING: [Synth 8-3332] Sequential element (Arithmetic_Logic_Unit/r_reg[3]) is unused and will be removed from module Datapath.
WARNING: [Synth 8-3332] Sequential element (Arithmetic_Logic_Unit/r_reg[2]) is unused and will be removed from module Datapath.
WARNING: [Synth 8-3332] Sequential element (Arithmetic_Logic_Unit/r_reg[1]) is unused and will be removed from module Datapath.
WARNING: [Synth 8-3332] Sequential element (Arithmetic_Logic_Unit/r_reg[0]) is unused and will be removed from module Datapath.
---------------------------------------------------------------------------------
Finished Cross Boundary and Area Optimization : Time (s): cpu = 00:00:08 ; elapsed = 00:00:11 . Memory (MB): peak = 1175.000 ; gain = 685.539
---------------------------------------------------------------------------------
---------------------------------------------------------------------------------
Start ROM, RAM, DSP, Shift Register and Retiming Reporting
---------------------------------------------------------------------------------

Distributed RAM: Preliminary Mapping Report (see note below)
+------------+---------------------------+-----------+----------------------+----------------+
|Module Name | RTL Object                | Inference | Size (Depth x Width) | Primitives     | 
+------------+---------------------------+-----------+----------------------+----------------+
|Datapath    | DataMemory/dataMemory_reg | Implied   | 64 x 32              | RAM64X1S x 32  | 
+------------+---------------------------+-----------+----------------------+----------------+

Note: The table above is a preliminary report that shows the Distributed RAMs at the current stage of the synthesis flow. Some Distributed RAMs may be reimplemented as non Distributed RAM primitives later in the synthesis flow. Multiple instantiated RAMs are reported only once.
---------------------------------------------------------------------------------
Finished ROM, RAM, DSP, Shift Register and Retiming Reporting
---------------------------------------------------------------------------------
No constraint files found.
---------------------------------------------------------------------------------
Start Timing Optimization
---------------------------------------------------------------------------------
---------------------------------------------------------------------------------
Finished Timing Optimization : Time (s): cpu = 00:00:08 ; elapsed = 00:00:11 . Memory (MB): peak = 1175.918 ; gain = 686.457
---------------------------------------------------------------------------------
---------------------------------------------------------------------------------
Start ROM, RAM, DSP, Shift Register and Retiming Reporting
---------------------------------------------------------------------------------

Distributed RAM: Final Mapping Report
+------------+---------------------------+-----------+----------------------+----------------+
|Module Name | RTL Object                | Inference | Size (Depth x Width) | Primitives     | 
+------------+---------------------------+-----------+----------------------+----------------+
|Datapath    | DataMemory/dataMemory_reg | Implied   | 64 x 32              | RAM64X1S x 32  | 
+------------+---------------------------+-----------+----------------------+----------------+

---------------------------------------------------------------------------------
Finished ROM, RAM, DSP, Shift Register and Retiming Reporting
---------------------------------------------------------------------------------
---------------------------------------------------------------------------------
Start Technology Mapping
---------------------------------------------------------------------------------
---------------------------------------------------------------------------------
Finished Technology Mapping : Time (s): cpu = 00:00:08 ; elapsed = 00:00:11 . Memory (MB): peak = 1176.070 ; gain = 686.609
---------------------------------------------------------------------------------
---------------------------------------------------------------------------------
Start IO Insertion
---------------------------------------------------------------------------------
---------------------------------------------------------------------------------
Start Flattening Before IO Insertion
---------------------------------------------------------------------------------
---------------------------------------------------------------------------------
Finished Flattening Before IO Insertion
---------------------------------------------------------------------------------
---------------------------------------------------------------------------------
Start Final Netlist Cleanup
---------------------------------------------------------------------------------
---------------------------------------------------------------------------------
Finished Final Netlist Cleanup
---------------------------------------------------------------------------------
---------------------------------------------------------------------------------
Finished IO Insertion : Time (s): cpu = 00:00:10 ; elapsed = 00:00:15 . Memory (MB): peak = 1176.855 ; gain = 687.395
---------------------------------------------------------------------------------
---------------------------------------------------------------------------------
Start Renaming Generated Instances
---------------------------------------------------------------------------------
---------------------------------------------------------------------------------
Finished Renaming Generated Instances : Time (s): cpu = 00:00:10 ; elapsed = 00:00:15 . Memory (MB): peak = 1176.855 ; gain = 687.395
---------------------------------------------------------------------------------
---------------------------------------------------------------------------------
Start Rebuilding User Hierarchy
---------------------------------------------------------------------------------
---------------------------------------------------------------------------------
Finished Rebuilding User Hierarchy : Time (s): cpu = 00:00:10 ; elapsed = 00:00:15 . Memory (MB): peak = 1176.855 ; gain = 687.395
---------------------------------------------------------------------------------
---------------------------------------------------------------------------------
Start Renaming Generated Ports
---------------------------------------------------------------------------------
---------------------------------------------------------------------------------
Finished Renaming Generated Ports : Time (s): cpu = 00:00:10 ; elapsed = 00:00:15 . Memory (MB): peak = 1176.855 ; gain = 687.395
---------------------------------------------------------------------------------
---------------------------------------------------------------------------------
Start Handling Custom Attributes
---------------------------------------------------------------------------------
---------------------------------------------------------------------------------
Finished Handling Custom Attributes : Time (s): cpu = 00:00:10 ; elapsed = 00:00:15 . Memory (MB): peak = 1176.855 ; gain = 687.395
---------------------------------------------------------------------------------
---------------------------------------------------------------------------------
Start Renaming Generated Nets
---------------------------------------------------------------------------------
---------------------------------------------------------------------------------
Finished Renaming Generated Nets : Time (s): cpu = 00:00:10 ; elapsed = 00:00:15 . Memory (MB): peak = 1176.855 ; gain = 687.395
---------------------------------------------------------------------------------
---------------------------------------------------------------------------------
Start Writing Synthesis Report
---------------------------------------------------------------------------------

Report BlackBoxes: 
+-+--------------+----------+
| |BlackBox name |Instances |
+-+--------------+----------+
+-+--------------+----------+

Report Cell Usage: 
+------+---------+------+
|      |Cell     |Count |
+------+---------+------+
|1     |BUFG     |     1|
|2     |CARRY4   |     8|
|3     |LUT1     |     3|
|4     |LUT2     |     5|
|5     |LUT3     |     2|
|6     |LUT6     |     4|
|7     |RAM64X1S |    12|
|8     |FDRE     |    65|
|9     |LD       |     2|
|10    |IBUF     |     1|
|11    |OBUF     |   412|
+------+---------+------+

Report Instance Areas: 
+------+-------------------------+-------------------------+------+
|      |Instance                 |Module                   |Cells |
+------+-------------------------+-------------------------+------+
|1     |top                      |                         |   515|
|2     |  DataMemory             |Data_Memory              |    12|
|3     |  ALU_Multiplexer        |Alu_Mux                  |     2|
|4     |  EXEMEMPipelineRegister |EXEMEM_Pipeline_Register |     6|
|5     |  MEMWBPipelineRegister  |MEMWB_Pipeline_Register  |    18|
|6     |  controlUnit            |ID_Control               |     2|
|7     |  idexePipelineRegister  |IDEXE_Pipeline_Register  |     9|
|8     |  pipelineRegister       |IF_ID                    |     8|
|9     |  programCounter         |IF_PC                    |    43|
+------+-------------------------+-------------------------+------+
---------------------------------------------------------------------------------
Finished Writing Synthesis Report : Time (s): cpu = 00:00:10 ; elapsed = 00:00:15 . Memory (MB): peak = 1176.855 ; gain = 687.395
---------------------------------------------------------------------------------
Synthesis finished with 0 errors, 0 critical warnings and 78 warnings.
Synthesis Optimization Runtime : Time (s): cpu = 00:00:10 ; elapsed = 00:00:15 . Memory (MB): peak = 1176.855 ; gain = 687.395
Synthesis Optimization Complete : Time (s): cpu = 00:00:10 ; elapsed = 00:00:15 . Memory (MB): peak = 1176.855 ; gain = 687.395
INFO: [Project 1-571] Translating synthesized netlist
Netlist sorting complete. Time (s): cpu = 00:00:00 ; elapsed = 00:00:00.004 . Memory (MB): peak = 1188.926 ; gain = 0.000
INFO: [Netlist 29-17] Analyzing 22 Unisim elements for replacement
INFO: [Netlist 29-28] Unisim Transformation completed in 0 CPU seconds
INFO: [Project 1-570] Preparing netlist for logic optimization
INFO: [Opt 31-138] Pushed 1 inverter(s) to 12 load pin(s).
Netlist sorting complete. Time (s): cpu = 00:00:00 ; elapsed = 00:00:00 . Memory (MB): peak = 1290.262 ; gain = 0.000
INFO: [Project 1-111] Unisim Transformation Summary:
  A total of 14 instances were transformed.
  LD => LDCE: 2 instances
  RAM64X1S => RAM64X1S (inverted pins: WCLK) (RAMS64E): 12 instances

Synth Design complete | Checksum: 160d2e1b
INFO: [Common 17-83] Releasing license: Synthesis
49 Infos, 78 Warnings, 0 Critical Warnings and 0 Errors encountered.
synth_design completed successfully
synth_design: Time (s): cpu = 00:00:11 ; elapsed = 00:00:17 . Memory (MB): peak = 1290.262 ; gain = 809.543
INFO: [Common 17-1381] The checkpoint 'C:/Users/Freez/OneDrive/Desktop/CMPSC/CMPEN331/Lab_3/Lab_3.runs/synth_1/Datapath.dcp' has been generated.
INFO: [runtcl-4] Executing : report_utilization -file Datapath_utilization_synth.rpt -pb Datapath_utilization_synth.pb
INFO: [Common 17-206] Exiting Vivado at Tue Nov 14 23:27:11 2023...
