#-----------------------------------------------------------
# Vivado v2023.1.1 (64-bit)
# SW Build 3900603 on Fri Jun 16 19:31:24 MDT 2023
# IP Build 3900379 on Sat Jun 17 05:28:05 MDT 2023
# SharedData Build 3899622 on Fri Jun 16 03:34:24 MDT 2023
# Start of session at: Mon Dec 11 14:41:31 2023
# Process ID: 9860
# Current directory: C:/Users/Freez/OneDrive/Desktop/CMPSC/CMPEN331/Lab_5
# Command line: vivado.exe -gui_launcher_event rodinguilauncherevent20412 C:\Users\Freez\OneDrive\Desktop\CMPSC\CMPEN331\Lab_5\Lab_5.xpr
# Log file: C:/Users/Freez/OneDrive/Desktop/CMPSC/CMPEN331/Lab_5/vivado.log
# Journal file: C:/Users/Freez/OneDrive/Desktop/CMPSC/CMPEN331/Lab_5\vivado.jou
# Running On: LAPTOP-S2U6NPD0, OS: Windows, CPU Frequency: 3194 MHz, CPU Physical cores: 16, Host memory: 14877 MB
#-----------------------------------------------------------
start_gui
open_project C:/Users/Freez/OneDrive/Desktop/CMPSC/CMPEN331/Lab_5/Lab_5.xpr
WARNING: [Board 49-26] cannot add Board Part xilinx.com:kc705:part0:1.6 available at C:/Xilinx/Vivado/2023.1/data/xhub/boards/XilinxBoardStore/boards/Xilinx/kc705/1.6/board.xml as part xc7k325tffg900-2 specified in board_part file is either invalid or not available
WARNING: [Board 49-26] cannot add Board Part xilinx.com:kcu105:part0:1.6 available at C:/Xilinx/Vivado/2023.1/data/xhub/boards/XilinxBoardStore/boards/Xilinx/kcu105/1.6/board.xml as part xcku040-ffva1156-2-e specified in board_part file is either invalid or not available
WARNING: [Board 49-26] cannot add Board Part xilinx.com:kcu105:part0:1.7 available at C:/Xilinx/Vivado/2023.1/data/xhub/boards/XilinxBoardStore/boards/Xilinx/kcu105/1.7/board.xml as part xcku040-ffva1156-2-e specified in board_part file is either invalid or not available
WARNING: [Board 49-26] cannot add Board Part xilinx.com:kcu1500:part0:1.2 available at C:/Xilinx/Vivado/2023.1/data/xhub/boards/XilinxBoardStore/boards/Xilinx/kcu1500/1.2/board.xml as part xcku115-flvb2104-2-e specified in board_part file is either invalid or not available
WARNING: [Board 49-26] cannot add Board Part xilinx.com:vc707:part0:1.4 available at C:/Xilinx/Vivado/2023.1/data/xhub/boards/XilinxBoardStore/boards/Xilinx/vc707/1.4/board.xml as part xc7vx485tffg1761-2 specified in board_part file is either invalid or not available
WARNING: [Board 49-26] cannot add Board Part xilinx.com:vc709:part0:1.8 available at C:/Xilinx/Vivado/2023.1/data/xhub/boards/XilinxBoardStore/boards/Xilinx/vc709/1.8/board.xml as part xc7vx690tffg1761-2 specified in board_part file is either invalid or not available
WARNING: [Board 49-26] cannot add Board Part xilinx.com:vck190:part0:2.2 available at C:/Xilinx/Vivado/2023.1/data/xhub/boards/XilinxBoardStore/boards/Xilinx/vck190/production/2.2/board.xml as part xcvc1902-vsva2197-2mp-e-s specified in board_part file is either invalid or not available
WARNING: [Board 49-26] cannot add Board Part xilinx.com:vck190:part0:3.0 available at C:/Xilinx/Vivado/2023.1/data/xhub/boards/XilinxBoardStore/boards/Xilinx/vck190/production/3.0/board.xml as part xcvc1902-vsva2197-2mp-e-s specified in board_part file is either invalid or not available
WARNING: [Board 49-26] cannot add Board Part xilinx.com:vck190:part0:3.1 available at C:/Xilinx/Vivado/2023.1/data/xhub/boards/XilinxBoardStore/boards/Xilinx/vck190/production/3.1/board.xml as part xcvc1902-vsva2197-2mp-e-s specified in board_part file is either invalid or not available
WARNING: [Board 49-26] cannot add Board Part xilinx.com:vck190:part0:3.2 available at C:/Xilinx/Vivado/2023.1/data/xhub/boards/XilinxBoardStore/boards/Xilinx/vck190/production/3.2/board.xml as part xcvc1902-vsva2197-2mp-e-s specified in board_part file is either invalid or not available
WARNING: [Board 49-26] cannot add Board Part xilinx.com:vck190_newl:part0:1.0 available at C:/Xilinx/Vivado/2023.1/data/xhub/boards/XilinxBoardStore/boards/Xilinx/vck190_newl/production/1.0/board.xml as part xcvc1902-vsva2197-2mp-e-s specified in board_part file is either invalid or not available
WARNING: [Board 49-26] cannot add Board Part xilinx.com:vck190_newl:part0:1.1 available at C:/Xilinx/Vivado/2023.1/data/xhub/boards/XilinxBoardStore/boards/Xilinx/vck190_newl/production/1.1/board.xml as part xcvc1902-vsva2197-2mp-e-s specified in board_part file is either invalid or not available
WARNING: [Board 49-26] cannot add Board Part xilinx.com:vcu108:part0:1.6 available at C:/Xilinx/Vivado/2023.1/data/xhub/boards/XilinxBoardStore/boards/Xilinx/vcu108/1.6/board.xml as part xcvu095-ffva2104-2-e specified in board_part file is either invalid or not available
WARNING: [Board 49-26] cannot add Board Part xilinx.com:vcu108:part0:1.7 available at C:/Xilinx/Vivado/2023.1/data/xhub/boards/XilinxBoardStore/boards/Xilinx/vcu108/1.7/board.xml as part xcvu095-ffva2104-2-e specified in board_part file is either invalid or not available
WARNING: [Board 49-26] cannot add Board Part xilinx.com:vcu110:part0:1.4 available at C:/Xilinx/Vivado/2023.1/data/xhub/boards/XilinxBoardStore/boards/Xilinx/vcu110/1.4/board.xml as part xcvu190-flgc2104-2-e specified in board_part file is either invalid or not available
WARNING: [Board 49-26] cannot add Board Part xilinx.com:vcu118:part0:2.0 available at C:/Xilinx/Vivado/2023.1/data/xhub/boards/XilinxBoardStore/boards/Xilinx/vcu118/2.0/board.xml as part xcvu9p-flga2104-2l-e specified in board_part file is either invalid or not available
WARNING: [Board 49-26] cannot add Board Part xilinx.com:vcu118:part0:2.3 available at C:/Xilinx/Vivado/2023.1/data/xhub/boards/XilinxBoardStore/boards/Xilinx/vcu118/2.3/board.xml as part xcvu9p-flga2104-2l-e specified in board_part file is either invalid or not available
WARNING: [Board 49-26] cannot add Board Part xilinx.com:vcu118:part0:2.4 available at C:/Xilinx/Vivado/2023.1/data/xhub/boards/XilinxBoardStore/boards/Xilinx/vcu118/2.4/board.xml as part xcvu9p-flga2104-2l-e specified in board_part file is either invalid or not available
WARNING: [Board 49-26] cannot add Board Part xilinx.com:vcu129:part0:1.0 available at C:/Xilinx/Vivado/2023.1/data/xhub/boards/XilinxBoardStore/boards/Xilinx/vcu129/production/1.0/board.xml as part xcvu29p-fsga2577-2l-e specified in board_part file is either invalid or not available
WARNING: [Board 49-26] cannot add Board Part xilinx.com:vcu1525:part0:1.3 available at C:/Xilinx/Vivado/2023.1/data/xhub/boards/XilinxBoardStore/boards/Xilinx/vcu1525/1.3/board.xml as part xcvu9p-fsgd2104-2l-e specified in board_part file is either invalid or not available
WARNING: [Board 49-26] cannot add Board Part xilinx.com:vek280_es:part0:1.0 available at C:/Xilinx/Vivado/2023.1/data/xhub/boards/XilinxBoardStore/boards/Xilinx/vek280/es/rev_a/1.0/board.xml as part xcve2802-vsvh1760-2lp-e-s-es1 specified in board_part file is either invalid or not available
WARNING: [Board 49-26] cannot add Board Part xilinx.com:vek280_es:part0:1.1 available at C:/Xilinx/Vivado/2023.1/data/xhub/boards/XilinxBoardStore/boards/Xilinx/vek280/es/rev_a/1.1/board.xml as part xcve2802-vsvh1760-2lp-e-s-es1 specified in board_part file is either invalid or not available
WARNING: [Board 49-26] cannot add Board Part xilinx.com:vek280_es_revb:part0:1.0 available at C:/Xilinx/Vivado/2023.1/data/xhub/boards/XilinxBoardStore/boards/Xilinx/vek280/es/rev_b/1.0/board.xml as part xcve2802-vsvh1760-2mp-e-s-es1 specified in board_part file is either invalid or not available
WARNING: [Board 49-26] cannot add Board Part xilinx.com:vek280_es_revb:part0:1.1 available at C:/Xilinx/Vivado/2023.1/data/xhub/boards/XilinxBoardStore/boards/Xilinx/vek280/es/rev_b/1.1/board.xml as part xcve2802-vsvh1760-2mp-e-s-es1 specified in board_part file is either invalid or not available
WARNING: [Board 49-26] cannot add Board Part xilinx.com:vermeo_t1_mpsoc:part0:1.0 available at C:/Xilinx/Vivado/2023.1/data/xhub/boards/XilinxBoardStore/boards/Xilinx/vermeo_t1_mpsoc/1.0/board.xml as part xczu19eg-ffvd1760-2l-e specified in board_part file is either invalid or not available
WARNING: [Board 49-26] cannot add Board Part xilinx.com:vermeo_t1_rfsoc:part0:1.0 available at C:/Xilinx/Vivado/2023.1/data/xhub/boards/XilinxBoardStore/boards/Xilinx/vermeo_t1_rfsoc/1.0/board.xml as part xczu21dr-ffvd1156-2l-e specified in board_part file is either invalid or not available
WARNING: [Board 49-26] cannot add Board Part xilinx.com:vhk158:part0:1.0 available at C:/Xilinx/Vivado/2023.1/data/xhub/boards/XilinxBoardStore/boards/Xilinx/vhk158/production/1.0/board.xml as part xcvh1582-vsva3697-2mp-e-s specified in board_part file is either invalid or not available
WARNING: [Board 49-26] cannot add Board Part xilinx.com:vhk158_es:part0:1.0 available at C:/Xilinx/Vivado/2023.1/data/xhub/boards/XilinxBoardStore/boards/Xilinx/vhk158/es/1.0/board.xml as part xcvh1582-vsva3697-2mp-e-s-es1 specified in board_part file is either invalid or not available
WARNING: [Board 49-26] cannot add Board Part xilinx.com:vhk158_es:part0:1.1 available at C:/Xilinx/Vivado/2023.1/data/xhub/boards/XilinxBoardStore/boards/Xilinx/vhk158/es/1.1/board.xml as part xcvh1582-vsva3697-2mp-e-s-es1 specified in board_part file is either invalid or not available
WARNING: [Board 49-26] cannot add Board Part xilinx.com:vmk180:part0:2.2 available at C:/Xilinx/Vivado/2023.1/data/xhub/boards/XilinxBoardStore/boards/Xilinx/vmk180/production/2.2/board.xml as part xcvm1802-vsva2197-2mp-e-s specified in board_part file is either invalid or not available
WARNING: [Board 49-26] cannot add Board Part xilinx.com:vmk180:part0:3.0 available at C:/Xilinx/Vivado/2023.1/data/xhub/boards/XilinxBoardStore/boards/Xilinx/vmk180/production/3.0/board.xml as part xcvm1802-vsva2197-2mp-e-s specified in board_part file is either invalid or not available
WARNING: [Board 49-26] cannot add Board Part xilinx.com:vmk180:part0:3.1 available at C:/Xilinx/Vivado/2023.1/data/xhub/boards/XilinxBoardStore/boards/Xilinx/vmk180/production/3.1/board.xml as part xcvm1802-vsva2197-2mp-e-s specified in board_part file is either invalid or not available
WARNING: [Board 49-26] cannot add Board Part xilinx.com:vmk180:part0:3.2 available at C:/Xilinx/Vivado/2023.1/data/xhub/boards/XilinxBoardStore/boards/Xilinx/vmk180/production/3.2/board.xml as part xcvm1802-vsva2197-2mp-e-s specified in board_part file is either invalid or not available
WARNING: [Board 49-26] cannot add Board Part xilinx.com:vmk180_newl:part0:1.0 available at C:/Xilinx/Vivado/2023.1/data/xhub/boards/XilinxBoardStore/boards/Xilinx/vmk180_newl/production/1.0/board.xml as part xcvm1802-vsva2197-2mp-e-s specified in board_part file is either invalid or not available
WARNING: [Board 49-26] cannot add Board Part xilinx.com:vmk180_newl:part0:1.1 available at C:/Xilinx/Vivado/2023.1/data/xhub/boards/XilinxBoardStore/boards/Xilinx/vmk180_newl/production/1.1/board.xml as part xcvm1802-vsva2197-2mp-e-s specified in board_part file is either invalid or not available
WARNING: [Board 49-26] cannot add Board Part xilinx.com:vpk120:part0:1.0 available at C:/Xilinx/Vivado/2023.1/data/xhub/boards/XilinxBoardStore/boards/Xilinx/vpk120/production/1.0/board.xml as part xcvp1202-vsva2785-2mp-e-s specified in board_part file is either invalid or not available
WARNING: [Board 49-26] cannot add Board Part xilinx.com:vpk120:part0:1.1 available at C:/Xilinx/Vivado/2023.1/data/xhub/boards/XilinxBoardStore/boards/Xilinx/vpk120/production/1.1/board.xml as part xcvp1202-vsva2785-2mp-e-s specified in board_part file is either invalid or not available
WARNING: [Board 49-26] cannot add Board Part xilinx.com:vpk120_es:part0:1.2 available at C:/Xilinx/Vivado/2023.1/data/xhub/boards/XilinxBoardStore/boards/Xilinx/vpk120/es/1.2/board.xml as part xcvp1202-vsva2785-2mp-e-s-es1 specified in board_part file is either invalid or not available
WARNING: [Board 49-26] cannot add Board Part xilinx.com:vpk120_es:part0:1.3 available at C:/Xilinx/Vivado/2023.1/data/xhub/boards/XilinxBoardStore/boards/Xilinx/vpk120/es/1.3/board.xml as part xcvp1202-vsva2785-2mp-e-s-es1 specified in board_part file is either invalid or not available
WARNING: [Board 49-26] cannot add Board Part xilinx.com:vpk120_es_revb:part0:1.0 available at C:/Xilinx/Vivado/2023.1/data/xhub/boards/XilinxBoardStore/boards/Xilinx/vpk120_revb/es/1.0/board.xml as part xcvp1202-vsva2785-2mp-e-s-es1 specified in board_part file is either invalid or not available
WARNING: [Board 49-26] cannot add Board Part xilinx.com:vpk120_es_revb:part0:1.1 available at C:/Xilinx/Vivado/2023.1/data/xhub/boards/XilinxBoardStore/boards/Xilinx/vpk120_revb/es/1.1/board.xml as part xcvp1202-vsva2785-2mp-e-s-es1 specified in board_part file is either invalid or not available
WARNING: [Board 49-26] cannot add Board Part xilinx.com:vpk180:part0:1.0 available at C:/Xilinx/Vivado/2023.1/data/xhub/boards/XilinxBoardStore/boards/Xilinx/vpk180/production/1.0/board.xml as part xcvp1802-lsvc4072-2mp-e-s specified in board_part file is either invalid or not available
WARNING: [Board 49-26] cannot add Board Part xilinx.com:vpk180:part0:1.1 available at C:/Xilinx/Vivado/2023.1/data/xhub/boards/XilinxBoardStore/boards/Xilinx/vpk180/production/1.1/board.xml as part xcvp1802-lsvc4072-2mp-e-s specified in board_part file is either invalid or not available
WARNING: [Board 49-26] cannot add Board Part xilinx.com:vpk180_es:part0:1.0 available at C:/Xilinx/Vivado/2023.1/data/xhub/boards/XilinxBoardStore/boards/Xilinx/vpk180/es/1.0/board.xml as part xcvp1802-lsvc4072-2mp-e-s-es1 specified in board_part file is either invalid or not available
WARNING: [Board 49-26] cannot add Board Part xilinx.com:vpk180_es:part0:1.1 available at C:/Xilinx/Vivado/2023.1/data/xhub/boards/XilinxBoardStore/boards/Xilinx/vpk180/es/1.1/board.xml as part xcvp1802-lsvc4072-2mp-e-s-es1 specified in board_part file is either invalid or not available
WARNING: [Board 49-26] cannot add Board Part xilinx.com:zc706:part0:1.4 available at C:/Xilinx/Vivado/2023.1/data/xhub/boards/XilinxBoardStore/boards/Xilinx/zc706/1.4/board.xml as part xc7z045ffg900-2 specified in board_part file is either invalid or not available
WARNING: [Board 49-26] cannot add Board Part xilinx.com:zcu102:part0:3.3 available at C:/Xilinx/Vivado/2023.1/data/xhub/boards/XilinxBoardStore/boards/Xilinx/zcu102/3.3/board.xml as part xczu9eg-ffvb1156-2-e specified in board_part file is either invalid or not available
WARNING: [Board 49-26] cannot add Board Part xilinx.com:zcu102:part0:3.4 available at C:/Xilinx/Vivado/2023.1/data/xhub/boards/XilinxBoardStore/boards/Xilinx/zcu102/3.4/board.xml as part xczu9eg-ffvb1156-2-e specified in board_part file is either invalid or not available
WARNING: [Board 49-26] cannot add Board Part xilinx.com:zcu111:part0:1.2 available at C:/Xilinx/Vivado/2023.1/data/xhub/boards/XilinxBoardStore/boards/Xilinx/zcu111/1.2/board.xml as part xczu28dr-ffvg1517-2-e specified in board_part file is either invalid or not available
WARNING: [Board 49-26] cannot add Board Part xilinx.com:zcu111:part0:1.3 available at C:/Xilinx/Vivado/2023.1/data/xhub/boards/XilinxBoardStore/boards/Xilinx/zcu111/1.3/board.xml as part xczu28dr-ffvg1517-2-e specified in board_part file is either invalid or not available
WARNING: [Board 49-26] cannot add Board Part xilinx.com:zcu111:part0:1.4 available at C:/Xilinx/Vivado/2023.1/data/xhub/boards/XilinxBoardStore/boards/Xilinx/zcu111/1.4/board.xml as part xczu28dr-ffvg1517-2-e specified in board_part file is either invalid or not available
WARNING: [Board 49-26] cannot add Board Part xilinx.com:zcu1275:part0:1.0 available at C:/Xilinx/Vivado/2023.1/data/xhub/boards/XilinxBoardStore/boards/Xilinx/zcu1275/1.0/board.xml as part xczu29dr-ffvf1760-2-e specified in board_part file is either invalid or not available
WARNING: [Board 49-26] cannot add Board Part xilinx.com:zcu1285:part0:1.0 available at C:/Xilinx/Vivado/2023.1/data/xhub/boards/XilinxBoardStore/boards/Xilinx/zcu1285/1.0/board.xml as part xczu39dr-ffvf1760-2-i specified in board_part file is either invalid or not available
WARNING: [Board 49-26] cannot add Board Part xilinx.com:zcu208:part0:2.0 available at C:/Xilinx/Vivado/2023.1/data/xhub/boards/XilinxBoardStore/boards/Xilinx/zcu208/production/2.0/board.xml as part xczu48dr-fsvg1517-2-e specified in board_part file is either invalid or not available
WARNING: [Board 49-26] cannot add Board Part xilinx.com:zcu208ld:part0:2.0 available at C:/Xilinx/Vivado/2023.1/data/xhub/boards/XilinxBoardStore/boards/Xilinx/zcu208ld/production/2.0/board.xml as part xczu58dr-fsvg1517-2-i specified in board_part file is either invalid or not available
WARNING: [Board 49-26] cannot add Board Part xilinx.com:zcu216:part0:2.0 available at C:/Xilinx/Vivado/2023.1/data/xhub/boards/XilinxBoardStore/boards/Xilinx/zcu216/production/2.0/board.xml as part xczu49dr-ffvf1760-2-e specified in board_part file is either invalid or not available
WARNING: [Board 49-26] cannot add Board Part xilinx.com:zcu216ld:part0:2.0 available at C:/Xilinx/Vivado/2023.1/data/xhub/boards/XilinxBoardStore/boards/Xilinx/zcu216ld/production/2.0/board.xml as part xczu59dr-ffvf1760-2-i specified in board_part file is either invalid or not available
WARNING: [Board 49-26] cannot add Board Part xilinx.com:zcu670:part0:2.0 available at C:/Xilinx/Vivado/2023.1/data/xhub/boards/XilinxBoardStore/boards/Xilinx/zcu670/2.0/board.xml as part xczu67dr-fsve1156-2-i specified in board_part file is either invalid or not available
WARNING: [Board 49-26] cannot add Board Part xilinx.com:zcu670ld:part0:1.0 available at C:/Xilinx/Vivado/2023.1/data/xhub/boards/XilinxBoardStore/boards/Xilinx/zcu670ld/1.0/board.xml as part xczu57dr-fsve1156-2-i specified in board_part file is either invalid or not available
INFO: [filemgmt 56-3] Default IP Output Path : Could not find the directory 'C:/Users/Freez/OneDrive/Desktop/CMPSC/CMPEN331/Lab_5/Lab_5.gen/sources_1'.
Scanning sources...
Finished scanning sources
INFO: [IP_Flow 19-234] Refreshing IP repositories
INFO: [IP_Flow 19-1704] No user IP repositories specified
INFO: [IP_Flow 19-2313] Loaded Vivado IP repository 'C:/Xilinx/Vivado/2023.1/data/ip'.
open_project: Time (s): cpu = 00:00:07 ; elapsed = 00:00:08 . Memory (MB): peak = 1502.418 ; gain = 204.445
update_compile_order -fileset sources_1
update_compile_order -fileset sources_1
reset_run synth_1
launch_runs synth_1 -jobs 4
[Mon Dec 11 14:43:19 2023] Launched synth_1...
Run output will be captured here: C:/Users/Freez/OneDrive/Desktop/CMPSC/CMPEN331/Lab_5/Lab_5.runs/synth_1/runme.log
open_run synth_1 -name synth_1
Design is defaulting to impl run constrset: constrs_1
Design is defaulting to synth run part: xc7k70tfbv676-1
INFO: [Device 21-403] Loading part xc7k70tfbv676-1
Netlist sorting complete. Time (s): cpu = 00:00:00 ; elapsed = 00:00:00.013 . Memory (MB): peak = 1874.203 ; gain = 0.000
INFO: [Netlist 29-17] Analyzing 30 Unisim elements for replacement
INFO: [Netlist 29-28] Unisim Transformation completed in 0 CPU seconds
INFO: [Project 1-479] Netlist was created with Vivado 2023.1.1
INFO: [Project 1-570] Preparing netlist for logic optimization
INFO: [Opt 31-138] Pushed 0 inverter(s) to 0 load pin(s).
Netlist sorting complete. Time (s): cpu = 00:00:00 ; elapsed = 00:00:00.001 . Memory (MB): peak = 1967.242 ; gain = 0.000
INFO: [Project 1-111] Unisim Transformation Summary:
  A total of 12 instances were transformed.
  RAM64X1S => RAM64X1S (inverted pins: WCLK) (RAMS64E): 12 instances

open_run: Time (s): cpu = 00:00:06 ; elapsed = 00:00:09 . Memory (MB): peak = 2118.184 ; gain = 592.453
place_ports

Starting IO/Clock Placer Task

Phase 1 Add Constraints new method

Phase 1.1 Build CellView Core

Time (s): cpu = 00:00:00 ; elapsed = 00:00:00.076 . Memory (MB): peak = 2123.910 ; gain = 5.727

Phase 1.2 Add User PBlocks

Time (s): cpu = 00:00:00 ; elapsed = 00:00:00.077 . Memory (MB): peak = 2123.910 ; gain = 5.727

Phase 1.3 Apply User PBlocks

Time (s): cpu = 00:00:00 ; elapsed = 00:00:00.077 . Memory (MB): peak = 2123.910 ; gain = 5.727

Phase 1.4 Add terminal Constraints

Time (s): cpu = 00:00:00 ; elapsed = 00:00:00.077 . Memory (MB): peak = 2123.910 ; gain = 5.727

Time (s): cpu = 00:00:00 ; elapsed = 00:00:00.078 . Memory (MB): peak = 2123.910 ; gain = 5.727
ERROR: [Place 30-415] IO Placement failed due to overutilization. This design contains 445 I/O ports
 while the target  device: 7k70t package: fbv676, contains only 300 available user I/O. The target device has 300 usable I/O pins of which 0 are already occupied by user-locked I/Os.
 To rectify this issue:
 1. Ensure you are targeting the correct device and package.  Select a larger device or different package if necessary.
 2. Check the top-level ports of the design to ensure the correct number of ports are specified.
 3. Consider design changes to reduce the number of I/Os necessary.

Phase 2 IO and Clk Clean Up

Phase 2.1 FixIDCReqs

Time (s): cpu = 00:00:00 ; elapsed = 00:00:00.260 . Memory (MB): peak = 2124.000 ; gain = 5.816
ERROR: [Place 30-68] Instance b_OBUF[0]_inst (OBUF) is not placed
ERROR: [Place 30-68] Instance b_OBUF[10]_inst (OBUF) is not placed
ERROR: [Place 30-68] Instance b_OBUF[11]_inst (OBUF) is not placed
ERROR: [Place 30-68] Instance b_OBUF[12]_inst (OBUF) is not placed
ERROR: [Place 30-68] Instance b_OBUF[13]_inst (OBUF) is not placed
ERROR: [Place 30-68] Instance b_OBUF[14]_inst (OBUF) is not placed
ERROR: [Place 30-68] Instance b_OBUF[15]_inst (OBUF) is not placed
ERROR: [Place 30-68] Instance b_OBUF[16]_inst (OBUF) is not placed
ERROR: [Place 30-68] Instance b_OBUF[17]_inst (OBUF) is not placed
ERROR: [Place 30-68] Instance b_OBUF[18]_inst (OBUF) is not placed
ERROR: [Place 30-68] Instance b_OBUF[19]_inst (OBUF) is not placed
ERROR: [Place 30-68] Instance b_OBUF[1]_inst (OBUF) is not placed
ERROR: [Place 30-68] Instance b_OBUF[20]_inst (OBUF) is not placed
ERROR: [Place 30-68] Instance b_OBUF[21]_inst (OBUF) is not placed
ERROR: [Place 30-68] Instance b_OBUF[22]_inst (OBUF) is not placed
ERROR: [Place 30-68] Instance b_OBUF[23]_inst (OBUF) is not placed
ERROR: [Place 30-68] Instance b_OBUF[24]_inst (OBUF) is not placed
ERROR: [Place 30-68] Instance b_OBUF[25]_inst (OBUF) is not placed
ERROR: [Place 30-68] Instance b_OBUF[26]_inst (OBUF) is not placed
ERROR: [Place 30-68] Instance b_OBUF[27]_inst (OBUF) is not placed
ERROR: [Place 30-68] Instance b_OBUF[28]_inst (OBUF) is not placed
ERROR: [Place 30-68] Instance b_OBUF[29]_inst (OBUF) is not placed
ERROR: [Place 30-68] Instance b_OBUF[2]_inst (OBUF) is not placed
ERROR: [Place 30-68] Instance b_OBUF[30]_inst (OBUF) is not placed
ERROR: [Place 30-68] Instance b_OBUF[31]_inst (OBUF) is not placed
ERROR: [Place 30-68] Instance b_OBUF[3]_inst (OBUF) is not placed
ERROR: [Place 30-68] Instance b_OBUF[4]_inst (OBUF) is not placed
ERROR: [Place 30-68] Instance b_OBUF[5]_inst (OBUF) is not placed
ERROR: [Place 30-68] Instance b_OBUF[6]_inst (OBUF) is not placed
ERROR: [Place 30-68] Instance b_OBUF[7]_inst (OBUF) is not placed
ERROR: [Place 30-68] Instance b_OBUF[8]_inst (OBUF) is not placed
ERROR: [Place 30-68] Instance b_OBUF[9]_inst (OBUF) is not placed
ERROR: [Place 30-68] Instance clk_IBUF_BUFG_inst (BUFG) is not placed
ERROR: [Place 30-68] Instance clk_IBUF_inst (IBUF) is not placed
ERROR: [Place 30-68] Instance dinstOut_OBUF[0]_inst (OBUF) is not placed
ERROR: [Place 30-68] Instance dinstOut_OBUF[10]_inst (OBUF) is not placed
ERROR: [Place 30-68] Instance dinstOut_OBUF[11]_inst (OBUF) is not placed
ERROR: [Place 30-68] Instance dinstOut_OBUF[12]_inst (OBUF) is not placed
ERROR: [Place 30-68] Instance dinstOut_OBUF[13]_inst (OBUF) is not placed
ERROR: [Place 30-68] Instance dinstOut_OBUF[14]_inst (OBUF) is not placed
ERROR: [Place 30-68] Instance dinstOut_OBUF[15]_inst (OBUF) is not placed
ERROR: [Place 30-68] Instance dinstOut_OBUF[16]_inst (OBUF) is not placed
ERROR: [Place 30-68] Instance dinstOut_OBUF[17]_inst (OBUF) is not placed
ERROR: [Place 30-68] Instance dinstOut_OBUF[18]_inst (OBUF) is not placed
ERROR: [Place 30-68] Instance dinstOut_OBUF[19]_inst (OBUF) is not placed
ERROR: [Place 30-68] Instance dinstOut_OBUF[1]_inst (OBUF) is not placed
ERROR: [Place 30-68] Instance dinstOut_OBUF[20]_inst (OBUF) is not placed
ERROR: [Place 30-68] Instance dinstOut_OBUF[21]_inst (OBUF) is not placed
ERROR: [Place 30-68] Instance dinstOut_OBUF[22]_inst (OBUF) is not placed
ERROR: [Place 30-68] Instance dinstOut_OBUF[23]_inst (OBUF) is not placed
ERROR: [Place 30-68] Instance dinstOut_OBUF[24]_inst (OBUF) is not placed
ERROR: [Place 30-68] Instance dinstOut_OBUF[25]_inst (OBUF) is not placed
ERROR: [Place 30-68] Instance dinstOut_OBUF[26]_inst (OBUF) is not placed
ERROR: [Place 30-68] Instance dinstOut_OBUF[27]_inst (OBUF) is not placed
ERROR: [Place 30-68] Instance dinstOut_OBUF[28]_inst (OBUF) is not placed
ERROR: [Place 30-68] Instance dinstOut_OBUF[29]_inst (OBUF) is not placed
ERROR: [Place 30-68] Instance dinstOut_OBUF[2]_inst (OBUF) is not placed
ERROR: [Place 30-68] Instance dinstOut_OBUF[30]_inst (OBUF) is not placed
ERROR: [Place 30-68] Instance dinstOut_OBUF[31]_inst (OBUF) is not placed
ERROR: [Place 30-68] Instance dinstOut_OBUF[3]_inst (OBUF) is not placed
ERROR: [Place 30-68] Instance dinstOut_OBUF[4]_inst (OBUF) is not placed
ERROR: [Place 30-68] Instance dinstOut_OBUF[5]_inst (OBUF) is not placed
ERROR: [Place 30-68] Instance dinstOut_OBUF[6]_inst (OBUF) is not placed
ERROR: [Place 30-68] Instance dinstOut_OBUF[7]_inst (OBUF) is not placed
ERROR: [Place 30-68] Instance dinstOut_OBUF[8]_inst (OBUF) is not placed
ERROR: [Place 30-68] Instance dinstOut_OBUF[9]_inst (OBUF) is not placed
ERROR: [Place 30-68] Instance ealuc_OBUF[0]_inst (OBUF) is not placed
ERROR: [Place 30-68] Instance ealuc_OBUF[1]_inst (OBUF) is not placed
ERROR: [Place 30-68] Instance ealuc_OBUF[2]_inst (OBUF) is not placed
ERROR: [Place 30-68] Instance ealuc_OBUF[3]_inst (OBUF) is not placed
ERROR: [Place 30-68] Instance ealuimm_OBUF_inst (OBUF) is not placed
ERROR: [Place 30-68] Instance edestReg_OBUF[0]_inst (OBUF) is not placed
ERROR: [Place 30-68] Instance edestReg_OBUF[1]_inst (OBUF) is not placed
ERROR: [Place 30-68] Instance edestReg_OBUF[2]_inst (OBUF) is not placed
ERROR: [Place 30-68] Instance edestReg_OBUF[3]_inst (OBUF) is not placed
ERROR: [Place 30-68] Instance edestReg_OBUF[4]_inst (OBUF) is not placed
ERROR: [Place 30-68] Instance eimm32_OBUF[0]_inst (OBUF) is not placed
ERROR: [Place 30-68] Instance eimm32_OBUF[10]_inst (OBUF) is not placed
ERROR: [Place 30-68] Instance eimm32_OBUF[11]_inst (OBUF) is not placed
ERROR: [Place 30-68] Instance eimm32_OBUF[12]_inst (OBUF) is not placed
ERROR: [Place 30-68] Instance eimm32_OBUF[13]_inst (OBUF) is not placed
ERROR: [Place 30-68] Instance eimm32_OBUF[14]_inst (OBUF) is not placed
ERROR: [Place 30-68] Instance eimm32_OBUF[15]_inst (OBUF) is not placed
ERROR: [Place 30-68] Instance eimm32_OBUF[16]_inst (OBUF) is not placed
ERROR: [Place 30-68] Instance eimm32_OBUF[17]_inst (OBUF) is not placed
ERROR: [Place 30-68] Instance eimm32_OBUF[18]_inst (OBUF) is not placed
ERROR: [Place 30-68] Instance eimm32_OBUF[19]_inst (OBUF) is not placed
ERROR: [Place 30-68] Instance eimm32_OBUF[1]_inst (OBUF) is not placed
ERROR: [Place 30-68] Instance eimm32_OBUF[20]_inst (OBUF) is not placed
ERROR: [Place 30-68] Instance eimm32_OBUF[21]_inst (OBUF) is not placed
ERROR: [Place 30-68] Instance eimm32_OBUF[22]_inst (OBUF) is not placed
ERROR: [Place 30-68] Instance eimm32_OBUF[23]_inst (OBUF) is not placed
ERROR: [Place 30-68] Instance eimm32_OBUF[24]_inst (OBUF) is not placed
ERROR: [Place 30-68] Instance eimm32_OBUF[25]_inst (OBUF) is not placed
ERROR: [Place 30-68] Instance eimm32_OBUF[26]_inst (OBUF) is not placed
ERROR: [Place 30-68] Instance eimm32_OBUF[27]_inst (OBUF) is not placed
ERROR: [Place 30-68] Instance eimm32_OBUF[28]_inst (OBUF) is not placed
ERROR: [Place 30-68] Instance eimm32_OBUF[29]_inst (OBUF) is not placed
ERROR: [Place 30-68] Instance eimm32_OBUF[2]_inst (OBUF) is not placed
ERROR: [Place 30-68] Instance eimm32_OBUF[30]_inst (OBUF) is not placed
INFO: [Common 17-14] Message 'Place 30-68' appears 100 times and further instances of the messages will be disabled. Use the Tcl command set_msg_config to change the current settings.

Time (s): cpu = 00:00:00 ; elapsed = 00:00:00.303 . Memory (MB): peak = 2124.000 ; gain = 5.816

Time (s): cpu = 00:00:00 ; elapsed = 00:00:00.305 . Memory (MB): peak = 2124.000 ; gain = 5.816
ERROR: [Common 17-39] 'place_ports' failed due to earlier errors.
startgroup
create_pblock pblock_idExPplnRgstr
create_pblock pblock_exMmPplnRgstr
create_pblock pblock_mmWbPplnRgstr
create_pblock pblock_programCounter
create_pblock pblock_ifIdPipelineRegister
create_pblock pblock_dataMemory
create_pblock pblock_wbMultiplexer
create_pblock pblock_alu
create_pblock pblock_controlUnit
add_cells_to_pblock pblock_idExPplnRgstr [get_cells [list idExePipelineRegister]] -clear_locs
add_cells_to_pblock pblock_exMmPplnRgstr [get_cells [list exeMemPipelineRegister]] -clear_locs
add_cells_to_pblock pblock_mmWbPplnRgstr [get_cells [list memWbPipelineRegister]] -clear_locs
add_cells_to_pblock pblock_programCounter [get_cells [list programCounter]] -clear_locs
add_cells_to_pblock pblock_ifIdPipelineRegister [get_cells [list ifIdPipelineRegister]] -clear_locs
add_cells_to_pblock pblock_dataMemory [get_cells [list dataMemory]] -clear_locs
add_cells_to_pblock pblock_wbMultiplexer [get_cells [list wbMultiplexer]] -clear_locs
add_cells_to_pblock pblock_alu [get_cells [list alu]] -clear_locs
add_cells_to_pblock pblock_controlUnit [get_cells [list controlUnit]] -clear_locs
endgroup
undo
INFO: [Common 17-17] undo 'endgroup'
INFO: [Common 17-17] undo 'add_cells_to_pblock pblock_controlUnit [get_cells [list controlUnit]] -clear_locs'
INFO: [Common 17-17] undo 'add_cells_to_pblock pblock_alu [get_cells [list alu]] -clear_locs'
INFO: [Common 17-17] undo 'add_cells_to_pblock pblock_wbMultiplexer [get_cells [list wbMultiplexer]] -clear_locs'
INFO: [Common 17-17] undo 'add_cells_to_pblock pblock_dataMemory [get_cells [list dataMemory]] -clear_locs'
INFO: [Common 17-17] undo 'add_cells_to_pblock pblock_ifIdPipelineRegister [get_cells [list ifIdPipelineRegister]] -clear_locs'
INFO: [Common 17-17] undo 'add_cells_to_pblock pblock_programCounter [get_cells [list programCounter]] -clear_locs'
INFO: [Common 17-17] undo 'add_cells_to_pblock pblock_mmWbPplnRgstr [get_cells [list memWbPipelineRegister]] -clear_locs'
INFO: [Common 17-17] undo 'add_cells_to_pblock pblock_exMmPplnRgstr [get_cells [list exeMemPipelineRegister]] -clear_locs'
INFO: [Common 17-17] undo 'add_cells_to_pblock pblock_idExPplnRgstr [get_cells [list idExePipelineRegister]] -clear_locs'
INFO: [Common 17-17] undo 'create_pblock pblock_controlUnit'
INFO: [Common 17-17] undo 'create_pblock pblock_alu'
INFO: [Common 17-17] undo 'create_pblock pblock_wbMultiplexer'
INFO: [Common 17-17] undo 'create_pblock pblock_dataMemory'
INFO: [Common 17-17] undo 'create_pblock pblock_ifIdPipelineRegister'
INFO: [Common 17-17] undo 'create_pblock pblock_programCounter'
INFO: [Common 17-17] undo 'create_pblock pblock_mmWbPplnRgstr'
INFO: [Common 17-17] undo 'create_pblock pblock_exMmPplnRgstr'
INFO: [Common 17-17] undo 'create_pblock pblock_idExPplnRgstr'
INFO: [Common 17-17] undo 'startgroup'
reset_run synth_1
INFO: [Project 1-1161] Replacing file C:/Users/Freez/OneDrive/Desktop/CMPSC/CMPEN331/Lab_5/Lab_5.srcs/utils_1/imports/synth_1/Datapath.dcp with file C:/Users/Freez/OneDrive/Desktop/CMPSC/CMPEN331/Lab_5/Lab_5.runs/synth_1/Datapath.dcp
launch_runs synth_1 -jobs 4
[Mon Dec 11 14:46:01 2023] Launched synth_1...
Run output will be captured here: C:/Users/Freez/OneDrive/Desktop/CMPSC/CMPEN331/Lab_5/Lab_5.runs/synth_1/runme.log
close_design
open_run synth_1 -name synth_1
Design is defaulting to impl run constrset: constrs_1
Design is defaulting to synth run part: xc7k70tfbv676-1
Netlist sorting complete. Time (s): cpu = 00:00:01 ; elapsed = 00:00:00.018 . Memory (MB): peak = 2146.715 ; gain = 0.000
INFO: [Netlist 29-17] Analyzing 30 Unisim elements for replacement
INFO: [Netlist 29-28] Unisim Transformation completed in 0 CPU seconds
INFO: [Project 1-479] Netlist was created with Vivado 2023.1.1
INFO: [Project 1-570] Preparing netlist for logic optimization
INFO: [Opt 31-138] Pushed 0 inverter(s) to 0 load pin(s).
Netlist sorting complete. Time (s): cpu = 00:00:00 ; elapsed = 00:00:00 . Memory (MB): peak = 2146.715 ; gain = 0.000
INFO: [Project 1-111] Unisim Transformation Summary:
  A total of 12 instances were transformed.
  RAM64X1S => RAM64X1S (inverted pins: WCLK) (RAMS64E): 12 instances

exit
INFO: [Common 17-206] Exiting Vivado at Mon Dec 11 14:46:55 2023...
