INFO: [VRFC 10-2263] Analyzing Verilog file "C:/Users/Freez/OneDrive/Desktop/CMPSC/CMPEN331/Lab_5/Lab_5.srcs/sources_1/new/ALU.v" into library xil_defaultlib
INFO: [VRFC 10-311] analyzing module ALU
INFO: [VRFC 10-2263] Analyzing Verilog file "C:/Users/Freez/OneDrive/Desktop/CMPSC/CMPEN331/Lab_5/Lab_5.srcs/sources_1/new/ALUMultiplexer.v" into library xil_defaultlib
INFO: [VRFC 10-311] analyzing module ALUMultiplexer
INFO: [VRFC 10-2263] Analyzing Verilog file "C:/Users/Freez/OneDrive/Desktop/CMPSC/CMPEN331/Lab_5/Lab_5.srcs/sources_1/new/ControlUnit.v" into library xil_defaultlib
INFO: [VRFC 10-311] analyzing module ControlUnit
INFO: [VRFC 10-2263] Analyzing Verilog file "C:/Users/Freez/OneDrive/Desktop/CMPSC/CMPEN331/Lab_5/Lab_5.srcs/sources_1/new/DataMemory.v" into library xil_defaultlib
INFO: [VRFC 10-311] analyzing module DataMemory
INFO: [VRFC 10-2263] Analyzing Verilog file "C:/Users/Freez/OneDrive/Desktop/CMPSC/CMPEN331/Lab_5/Lab_5.srcs/sources_1/new/Datapath.v" into library xil_defaultlib
INFO: [VRFC 10-311] analyzing module Datapath
INFO: [VRFC 10-2263] Analyzing Verilog file "C:/Users/Freez/OneDrive/Desktop/CMPSC/CMPEN331/Lab_5/Lab_5.srcs/sources_1/new/EXEMEMPipelineRegister.v" into library xil_defaultlib
INFO: [VRFC 10-311] analyzing module EXEMEMPipelineRegister
INFO: [VRFC 10-2263] Analyzing Verilog file "C:/Users/Freez/OneDrive/Desktop/CMPSC/CMPEN331/Lab_5/Lab_5.srcs/sources_1/new/IDEXEPipelineRegister.v" into library xil_defaultlib
INFO: [VRFC 10-311] analyzing module IDEXEPipelineRegister
INFO: [VRFC 10-2263] Analyzing Verilog file "C:/Users/Freez/OneDrive/Desktop/CMPSC/CMPEN331/Lab_5/Lab_5.srcs/sources_1/new/IFIDPipelineRegister.v" into library xil_defaultlib
INFO: [VRFC 10-311] analyzing module IFIDPipelineRegister
INFO: [VRFC 10-2263] Analyzing Verilog file "C:/Users/Freez/OneDrive/Desktop/CMPSC/CMPEN331/Lab_5/Lab_5.srcs/sources_1/new/ImmediateExtender.v" into library xil_defaultlib
INFO: [VRFC 10-311] analyzing module ImmediateExtender
INFO: [VRFC 10-2263] Analyzing Verilog file "C:/Users/Freez/OneDrive/Desktop/CMPSC/CMPEN331/Lab_5/Lab_5.srcs/sources_1/new/InstructionMemory.v" into library xil_defaultlib
INFO: [VRFC 10-311] analyzing module InstructionMemory
INFO: [VRFC 10-2263] Analyzing Verilog file "C:/Users/Freez/OneDrive/Desktop/CMPSC/CMPEN331/Lab_5/Lab_5.srcs/sources_1/new/MEMWBPipelineRegister.v" into library xil_defaultlib
INFO: [VRFC 10-311] analyzing module MEMWBPipelineRegister
INFO: [VRFC 10-2263] Analyzing Verilog file "C:/Users/Freez/OneDrive/Desktop/CMPSC/CMPEN331/Lab_5/Lab_5.srcs/sources_1/new/PCAdder.v" into library xil_defaultlib
INFO: [VRFC 10-311] analyzing module PCAdder
INFO: [VRFC 10-2263] Analyzing Verilog file "C:/Users/Freez/OneDrive/Desktop/CMPSC/CMPEN331/Lab_5/Lab_5.srcs/sources_1/new/ProgramCounter.v" into library xil_defaultlib
INFO: [VRFC 10-311] analyzing module ProgramCounter
INFO: [VRFC 10-2263] Analyzing Verilog file "C:/Users/Freez/OneDrive/Desktop/CMPSC/CMPEN331/Lab_5/Lab_5.srcs/sources_1/new/RegRTMux.v" into library xil_defaultlib
INFO: [VRFC 10-311] analyzing module RegRTMux
INFO: [VRFC 10-2263] Analyzing Verilog file "C:/Users/Freez/OneDrive/Desktop/CMPSC/CMPEN331/Lab_5/Lab_5.srcs/sources_1/new/RegisterFile.v" into library xil_defaultlib
INFO: [VRFC 10-311] analyzing module RegisterFile
INFO: [VRFC 10-2263] Analyzing Verilog file "C:/Users/Freez/OneDrive/Desktop/CMPSC/CMPEN331/Lab_5/Lab_5.srcs/sources_1/new/WBMultiplexer.v" into library xil_defaultlib
INFO: [VRFC 10-311] analyzing module WBMultiplexer
INFO: [VRFC 10-2263] Analyzing Verilog file "C:/Users/Freez/OneDrive/Desktop/CMPSC/CMPEN331/Lab_5/Lab_5.srcs/sim_1/new/testbench.v" into library xil_defaultlib
INFO: [VRFC 10-311] analyzing module testbench
